<?xml version="1.0" encoding="UTF-8"?>
<testsuite name="com.aor.numbers.ListFiltererTest" tests="1" skipped="0" failures="0" errors="0" timestamp="2022-10-15T00:28:32" hostname="ASUS-TPM" time="0.06">
  <properties/>
  <testcase name="filter()" classname="com.aor.numbers.ListFiltererTest" time="0.06"/>
  <system-out><![CDATA[]]></system-out>
  <system-err><![CDATA[]]></system-err>
</testsuite>
